2026-01-26 17:59:33 - app.app:28 - INFO - Starting the application
2026-01-26 17:59:33 - sqlalchemy.engine.Engine:2710 - INFO - BEGIN (implicit)
2026-01-26 17:59:33 - sqlalchemy.engine.Engine:1846 - INFO - PRAGMA main.table_info("sys_role_menu")
2026-01-26 17:59:33 - sqlalchemy.engine.Engine:1846 - INFO - [raw sql] ()
2026-01-26 17:59:33 - sqlalchemy.engine.Engine:1846 - INFO - PRAGMA main.table_info("sys_role")
2026-01-26 17:59:33 - sqlalchemy.engine.Engine:1846 - INFO - [raw sql] ()
2026-01-26 17:59:33 - sqlalchemy.engine.Engine:1846 - INFO - PRAGMA main.table_info("sys_menu")
2026-01-26 17:59:33 - sqlalchemy.engine.Engine:1846 - INFO - [raw sql] ()
2026-01-26 17:59:33 - sqlalchemy.engine.Engine:1846 - INFO - PRAGMA main.table_info("sys_user")
2026-01-26 17:59:33 - sqlalchemy.engine.Engine:1846 - INFO - [raw sql] ()
2026-01-26 17:59:33 - sqlalchemy.engine.Engine:1846 - INFO - PRAGMA main.table_info("sys_login_log")
2026-01-26 17:59:33 - sqlalchemy.engine.Engine:1846 - INFO - [raw sql] ()
2026-01-26 17:59:33 - sqlalchemy.engine.Engine:2716 - INFO - COMMIT
2026-01-26 17:59:33 - app.app:32 - INFO - Initializing menu data...
2026-01-26 17:59:33 - sqlalchemy.engine.Engine:2710 - INFO - BEGIN (implicit)
2026-01-26 17:59:33 - sqlalchemy.engine.Engine:1846 - INFO - SELECT sys_menu.id, sys_menu.parent_id, sys_menu.name, sys_menu.path, sys_menu.component, sys_menu.permission, sys_menu.type, sys_menu.icon, sys_menu.sort, sys_menu.visible, sys_menu.status, sys_menu.created_at, sys_menu.updated_at 
FROM sys_menu 
WHERE sys_menu.name IN (?, ?, ?, ?, ?, ?, ?, ?, ?, ?, ?, ?, ?, ?, ?, ?, ?, ?, ?, ?, ?)
2026-01-26 17:59:33 - sqlalchemy.engine.Engine:1846 - INFO - [generated in 0.00041s] ('系统管理', '用户管理', '添加用户', '编辑用户', '删除用户', '导出用户', '用户详情', '角色管理', '添加角色', '编辑角色', '删除角色', '导出角色', '角色详情', '菜单管理', '添加菜单', '编辑菜单', '删除菜单', '导出菜单', '菜单详情', '登录日志管理', '删除登录日志')
2026-01-26 17:59:33 - app.app:34 - INFO - Menu data initialized successfully
2026-01-26 17:59:33 - app.app:36 - INFO - Initializing role data...
2026-01-26 17:59:33 - sqlalchemy.engine.Engine:1846 - INFO - SELECT sys_menu.id, sys_menu.parent_id, sys_menu.name, sys_menu.path, sys_menu.component, sys_menu.permission, sys_menu.type, sys_menu.icon, sys_menu.sort, sys_menu.visible, sys_menu.status, sys_menu.created_at, sys_menu.updated_at 
FROM sys_menu 
WHERE sys_menu.status = 1
2026-01-26 17:59:33 - sqlalchemy.engine.Engine:1846 - INFO - [generated in 0.00033s] ()
2026-01-26 17:59:33 - app.admin.role.data:19 - INFO - menus size: 21
2026-01-26 17:59:33 - sqlalchemy.engine.Engine:1846 - INFO - SELECT sys_role.id, sys_role.name, sys_role.description 
FROM sys_role 
WHERE sys_role.name IN (?, ?)
2026-01-26 17:59:33 - sqlalchemy.engine.Engine:1846 - INFO - [generated in 0.00030s] ('admin', 'visitor')
2026-01-26 17:59:33 - sqlalchemy.engine.Engine:1846 - INFO - SELECT sys_role_1.id AS sys_role_1_id, sys_menu.id AS sys_menu_id, sys_menu.parent_id AS sys_menu_parent_id, sys_menu.name AS sys_menu_name, sys_menu.path AS sys_menu_path, sys_menu.component AS sys_menu_component, sys_menu.permission AS sys_menu_permission, sys_menu.type AS sys_menu_type, sys_menu.icon AS sys_menu_icon, sys_menu.sort AS sys_menu_sort, sys_menu.visible AS sys_menu_visible, sys_menu.status AS sys_menu_status, sys_menu.created_at AS sys_menu_created_at, sys_menu.updated_at AS sys_menu_updated_at 
FROM sys_role AS sys_role_1 JOIN sys_role_menu AS sys_role_menu_1 ON sys_role_1.id = sys_role_menu_1.role_id JOIN sys_menu ON sys_menu.id = sys_role_menu_1.menu_id 
WHERE sys_role_1.id IN (?, ?)
2026-01-26 17:59:33 - sqlalchemy.engine.Engine:1846 - INFO - [generated in 0.01475s] ('1165338d5f144485b14c420e91adf4dc', 'a1e15d29ebe347b7a2166f1343edf644')
2026-01-26 17:59:33 - app.admin.role.data:41 - INFO - existing_role_names size: 2
2026-01-26 17:59:33 - app.admin.role.data:44 - INFO - non_existing_roles size: 0
2026-01-26 17:59:33 - app.app:38 - INFO - Role data initialized successfully
2026-01-26 17:59:33 - app.app:40 - INFO - Initializing user data...
2026-01-26 17:59:33 - sqlalchemy.engine.Engine:1846 - INFO - SELECT sys_user.id, sys_user.username, sys_user.hashed_password, sys_user.email, sys_user.is_admin, sys_user.role_id, sys_user.created_at, sys_user.updated_at 
FROM sys_user 
WHERE sys_user.username = ?
2026-01-26 17:59:33 - sqlalchemy.engine.Engine:1846 - INFO - [generated in 0.00034s] ('admin',)
2026-01-26 17:59:33 - sqlalchemy.engine.Engine:1846 - INFO - SELECT sys_role.id AS sys_role_id, sys_role.name AS sys_role_name, sys_role.description AS sys_role_description 
FROM sys_role 
WHERE sys_role.id IN (?)
2026-01-26 17:59:33 - sqlalchemy.engine.Engine:1846 - INFO - [generated in 0.00045s] ('1165338d5f144485b14c420e91adf4dc',)
2026-01-26 17:59:33 - sqlalchemy.engine.Engine:1846 - INFO - SELECT sys_role_1.id AS sys_role_1_id, sys_menu.id AS sys_menu_id, sys_menu.parent_id AS sys_menu_parent_id, sys_menu.name AS sys_menu_name, sys_menu.path AS sys_menu_path, sys_menu.component AS sys_menu_component, sys_menu.permission AS sys_menu_permission, sys_menu.type AS sys_menu_type, sys_menu.icon AS sys_menu_icon, sys_menu.sort AS sys_menu_sort, sys_menu.visible AS sys_menu_visible, sys_menu.status AS sys_menu_status, sys_menu.created_at AS sys_menu_created_at, sys_menu.updated_at AS sys_menu_updated_at 
FROM sys_role AS sys_role_1 JOIN sys_role_menu AS sys_role_menu_1 ON sys_role_1.id = sys_role_menu_1.role_id JOIN sys_menu ON sys_menu.id = sys_role_menu_1.menu_id 
WHERE sys_role_1.id IN (?)
2026-01-26 17:59:33 - sqlalchemy.engine.Engine:1846 - INFO - [generated in 0.00050s] ('1165338d5f144485b14c420e91adf4dc',)
2026-01-26 17:59:33 - sqlalchemy.engine.Engine:1846 - INFO - SELECT sys_user.id, sys_user.username, sys_user.hashed_password, sys_user.email, sys_user.is_admin, sys_user.role_id, sys_user.created_at, sys_user.updated_at 
FROM sys_user 
WHERE sys_user.username = ?
2026-01-26 17:59:33 - sqlalchemy.engine.Engine:1846 - INFO - [cached since 0.01239s ago] ('visitor',)
2026-01-26 17:59:33 - sqlalchemy.engine.Engine:1846 - INFO - SELECT sys_role.id AS sys_role_id, sys_role.name AS sys_role_name, sys_role.description AS sys_role_description 
FROM sys_role 
WHERE sys_role.id IN (?)
2026-01-26 17:59:33 - sqlalchemy.engine.Engine:1846 - INFO - [cached since 0.01042s ago] ('a1e15d29ebe347b7a2166f1343edf644',)
2026-01-26 17:59:33 - sqlalchemy.engine.Engine:1846 - INFO - SELECT sys_role_1.id AS sys_role_1_id, sys_menu.id AS sys_menu_id, sys_menu.parent_id AS sys_menu_parent_id, sys_menu.name AS sys_menu_name, sys_menu.path AS sys_menu_path, sys_menu.component AS sys_menu_component, sys_menu.permission AS sys_menu_permission, sys_menu.type AS sys_menu_type, sys_menu.icon AS sys_menu_icon, sys_menu.sort AS sys_menu_sort, sys_menu.visible AS sys_menu_visible, sys_menu.status AS sys_menu_status, sys_menu.created_at AS sys_menu_created_at, sys_menu.updated_at AS sys_menu_updated_at 
FROM sys_role AS sys_role_1 JOIN sys_role_menu AS sys_role_menu_1 ON sys_role_1.id = sys_role_menu_1.role_id JOIN sys_menu ON sys_menu.id = sys_role_menu_1.menu_id 
WHERE sys_role_1.id IN (?)
2026-01-26 17:59:33 - sqlalchemy.engine.Engine:1846 - INFO - [cached since 0.007308s ago] ('a1e15d29ebe347b7a2166f1343edf644',)
2026-01-26 17:59:33 - app.app:42 - INFO - User data initialized successfully
2026-01-26 17:59:33 - sqlalchemy.engine.Engine:2713 - INFO - ROLLBACK
2026-01-26 17:59:33 - uvicorn.error:62 - INFO - Application startup complete.
2026-01-26 17:59:35 - app.core.admin:63 - INFO - authenticate username: admin
2026-01-26 17:59:35 - sqlalchemy.engine.Engine:2710 - INFO - BEGIN (implicit)
2026-01-26 17:59:35 - sqlalchemy.engine.Engine:1846 - INFO - SELECT count(*) AS count_1 
FROM (SELECT sys_login_log.id AS id, sys_login_log.username AS username, sys_login_log.ip AS ip, sys_login_log.user_agent AS user_agent, sys_login_log.status AS status, sys_login_log.message AS message, sys_login_log.created_at AS created_at 
FROM sys_login_log ORDER BY sys_login_log.created_at DESC) AS anon_1
2026-01-26 17:59:35 - sqlalchemy.engine.Engine:1846 - INFO - [generated in 0.00026s] ()
2026-01-26 17:59:35 - sqlalchemy.engine.Engine:2713 - INFO - ROLLBACK
2026-01-26 17:59:35 - sqlalchemy.engine.Engine:2710 - INFO - BEGIN (implicit)
2026-01-26 17:59:35 - sqlalchemy.engine.Engine:1846 - INFO - SELECT sys_login_log.id, sys_login_log.username, sys_login_log.ip, sys_login_log.user_agent, sys_login_log.status, sys_login_log.message, sys_login_log.created_at 
FROM sys_login_log ORDER BY sys_login_log.created_at DESC
 LIMIT ? OFFSET ?
2026-01-26 17:59:35 - sqlalchemy.engine.Engine:1846 - INFO - [generated in 0.00044s] (10, 0)
2026-01-26 17:59:35 - sqlalchemy.engine.Engine:2713 - INFO - ROLLBACK
2026-01-26 18:01:01 - app.core.admin:63 - INFO - authenticate username: None
2026-01-26 18:01:48 - uvicorn.error:264 - INFO - Shutting down
2026-01-26 18:01:48 - uvicorn.error:67 - INFO - Waiting for application shutdown.
2026-01-26 18:01:48 - app.app:47 - INFO - Stopping the application
2026-01-26 18:01:48 - uvicorn.error:76 - INFO - Application shutdown complete.
2026-01-26 18:01:48 - uvicorn.error:94 - INFO - Finished server process [33453]
